[1104/201441.119:ERROR:process_memory_win.cc(73)] ReadMemory at 0x13fa30000 of 64 bytes failed: Only part of a ReadProcessMemory or WriteProcessMemory request was completed. (0x12B)
[1104/201441.439:WARNING:pe_image_reader.cc(340)] could not read dos header from C:\Program Files (x86)\Google\Chrome\Application\chrome.exe
[1104/201441.439:ERROR:process_memory_win.cc(73)] ReadMemory at 0x77840000 of 64 bytes failed: Only part of a ReadProcessMemory or WriteProcessMemory request was completed. (0x12B)
[1104/201441.439:WARNING:pe_image_reader.cc(340)] could not read dos header from C:\Windows\SYSTEM32\ntdll.dll
[1104/201441.439:ERROR:process_memory_win.cc(73)] ReadMemory at 0x77620000 of 64 bytes failed: Only part of a ReadProcessMemory or WriteProcessMemory request was completed. (0x12B)
[1104/201441.440:WARNING:pe_image_reader.cc(340)] could not read dos header from C:\Windows\system32\kernel32.dll
[1104/201441.440:ERROR:process_memory_win.cc(73)] ReadMemory at 0x7fefdaf0000 of 64 bytes failed: Only part of a ReadProcessMemory or WriteProcessMemory request was completed. (0x12B)
[1104/201441.440:WARNING:pe_image_reader.cc(340)] could not read dos header from C:\Windows\system32\KERNELBASE.dll
[1104/201441.440:ERROR:process_memory_win.cc(73)] ReadMemory at 0x7feea1a0000 of 64 bytes failed: Only part of a ReadProcessMemory or WriteProcessMemory request was completed. (0x12B)
[1104/201441.440:WARNING:pe_image_reader.cc(340)] could not read dos header from C:\Program Files (x86)\Google\Chrome\Application\78.0.3904.87\chrome_elf.dll
[1104/201441.440:ERROR:process_memory_win.cc(73)] ReadMemory at 0x7fefbf00000 of 64 bytes failed: Only part of a ReadProcessMemory or WriteProcessMemory request was completed. (0x12B)
[1104/201441.440:WARNING:pe_image_reader.cc(340)] could not read dos header from C:\Windows\system32\VERSION.dll
[1104/201441.440:ERROR:process_memory_win.cc(73)] ReadMemory at 0x7feff340000 of 64 bytes failed: Only part of a ReadProcessMemory or WriteProcessMemory request was completed. (0x12B)
[1104/201441.440:WARNING:pe_image_reader.cc(340)] could not read dos header from C:\Windows\system32\msvcrt.dll
[1104/201441.440:ERROR:process_memory_win.cc(73)] ReadMemory at 0x7fefdd40000 of 64 bytes failed: Only part of a ReadProcessMemory or WriteProcessMemory request was completed. (0x12B)
[1104/201441.440:WARNING:pe_image_reader.cc(340)] could not read dos header from C:\Windows\system32\SHELL32.dll
[1104/201441.440:ERROR:process_memory_win.cc(73)] ReadMemory at 0x7feff0b0000 of 64 bytes failed: Only part of a ReadProcessMemory or WriteProcessMemory request was completed. (0x12B)
[1104/201441.440:WARNING:pe_image_reader.cc(340)] could not read dos header from C:\Windows\system32\SHLWAPI.dll
[1104/201441.440:ERROR:process_memory_win.cc(73)] ReadMemory at 0x7feff690000 of 64 bytes failed: Only part of a ReadProcessMemory or WriteProcessMemory request was completed. (0x12B)
[1104/201441.440:WARNING:pe_image_reader.cc(340)] could not read dos header from C:\Windows\system32\GDI32.dll
[1104/201441.440:ERROR:process_memory_win.cc(73)] ReadMemory at 0xf60000 of 64 bytes failed: Only part of a ReadProcessMemory or WriteProcessMemory request was completed. (0x12B)
[1104/201441.440:WARNING:pe_image_reader.cc(340)] could not read dos header from C:\Windows\system32\USER32.dll
[1104/201441.440:ERROR:process_memory_win.cc(73)] ReadMemory at 0x7feff0a0000 of 64 bytes failed: Only part of a ReadProcessMemory or WriteProcessMemory request was completed. (0x12B)
[1104/201441.440:WARNING:pe_image_reader.cc(340)] could not read dos header from C:\Windows\system32\LPK.dll
[1104/201441.440:ERROR:process_memory_win.cc(73)] ReadMemory at 0x7feffa70000 of 64 bytes failed: Only part of a ReadProcessMemory or WriteProcessMemory request was completed. (0x12B)
[1104/201441.440:WARNING:pe_image_reader.cc(340)] could not read dos header from C:\Windows\system32\USP10.dll
[1104/201441.440:ERROR:process_memory_win.cc(73)] ReadMemory at 0x7fefead0000 of 64 bytes failed: Only part of a ReadProcessMemory or WriteProcessMemory request was completed. (0x12B)
[1104/201441.440:WARNING:pe_image_reader.cc(340)] could not read dos header from C:\Windows\system32\IMM32.DLL
[1104/201441.440:ERROR:process_memory_win.cc(73)] ReadMemory at 0x7fefedb0000 of 64 bytes failed: Only part of a ReadProcessMemory or WriteProcessMemory request was completed. (0x12B)
[1104/201441.440:WARNING:pe_image_reader.cc(340)] could not read dos header from C:\Windows\system32\MSCTF.dll
[1104/201441.440:ERROR:process_memory_win.cc(73)] ReadMemory at 0xa01300000 of 64 bytes failed: Only part of a ReadProcessMemory or WriteProcessMemory request was completed. (0x12B)
[1104/201441.440:WARNING:pe_image_reader.cc(340)] could not read dos header from C:\Windows\system32\avgrssta.dll
[1104/201441.440:ERROR:process_memory_win.cc(73)] ReadMemory at 0x7fefecd0000 of 64 bytes failed: Only part of a ReadProcessMemory or WriteProcessMemory request was completed. (0x12B)
[1104/201441.440:WARNING:pe_image_reader.cc(340)] could not read dos header from C:\Windows\system32\ADVAPI32.dll
[1104/201441.440:ERROR:process_memory_win.cc(73)] ReadMemory at 0x7fefec30000 of 64 bytes failed: Only part of a ReadProcessMemory or WriteProcessMemory request was completed. (0x12B)
[1104/201441.440:WARNING:pe_image_reader.cc(340)] could not read dos header from C:\Windows\SYSTEM32\sechost.dll
[1104/201441.440:ERROR:process_memory_win.cc(73)] ReadMemory at 0x7fefeb00000 of 64 bytes failed: Only part of a ReadProcessMemory or WriteProcessMemory request was completed. (0x12B)
[1104/201441.440:WARNING:pe_image_reader.cc(340)] could not read dos header from C:\Windows\system32\RPCRT4.dll
[1104/201441.440:ERROR:process_memory_win.cc(73)] ReadMemory at 0x7fedab10000 of 64 bytes failed: Only part of a ReadProcessMemory or WriteProcessMemory request was completed. (0x12B)
[1104/201441.440:WARNING:pe_image_reader.cc(340)] could not read dos header from C:\Program Files (x86)\Google\Chrome\Application\78.0.3904.87\chrome_child.dll
[1104/201441.440:ERROR:process_memory_win.cc(73)] ReadMemory at 0x7feff480000 of 64 bytes failed: Only part of a ReadProcessMemory or WriteProcessMemory request was completed. (0x12B)
[1104/201441.440:WARNING:pe_image_reader.cc(340)] could not read dos header from C:\Windows\system32\OLEAUT32.dll
[1104/201441.440:ERROR:process_memory_win.cc(73)] ReadMemory at 0x7feff130000 of 64 bytes failed: Only part of a ReadProcessMemory or WriteProcessMemory request was completed. (0x12B)
[1104/201441.440:WARNING:pe_image_reader.cc(340)] could not read dos header from C:\Windows\system32\ole32.dll
[1104/201441.440:ERROR:process_memory_win.cc(73)] ReadMemory at 0x7feffa20000 of 64 bytes failed: Only part of a ReadProcessMemory or WriteProcessMemory request was completed. (0x12B)
[1104/201441.440:WARNING:pe_image_reader.cc(340)] could not read dos header from C:\Windows\system32\WS2_32.dll
[1104/201441.440:ERROR:process_memory_win.cc(73)] ReadMemory at 0x7feffb40000 of 64 bytes failed: Only part of a ReadProcessMemory or WriteProcessMemory request was completed. (0x12B)
[1104/201441.440:WARNING:pe_image_reader.cc(340)] could not read dos header from C:\Windows\system32\NSI.dll
[1104/201441.440:ERROR:process_memory_win.cc(73)] ReadMemory at 0x7fefaa40000 of 64 bytes failed: Only part of a ReadProcessMemory or WriteProcessMemory request was completed. (0x12B)
[1104/201441.440:WARNING:pe_image_reader.cc(340)] could not read dos header from C:\Windows\system32\IPHLPAPI.DLL
[1104/201441.440:ERROR:process_memory_win.cc(73)] ReadMemory at 0x7fefaa30000 of 64 bytes failed: Only part of a ReadProcessMemory or WriteProcessMemory request was completed. (0x12B)
[1104/201441.440:WARNING:pe_image_reader.cc(340)] could not read dos header from C:\Windows\system32\WINNSI.DLL
[1104/201441.440:ERROR:process_memory_win.cc(73)] ReadMemory at 0x7fefadf0000 of 64 bytes failed: Only part of a ReadProcessMemory or WriteProcessMemory request was completed. (0x12B)
[1104/201441.440:WARNING:pe_image_reader.cc(340)] could not read dos header from C:\Windows\system32\WINMM.dll
[1104/201441.440:ERROR:process_memory_win.cc(73)] ReadMemory at 0x7fefda10000 of 64 bytes failed: Only part of a ReadProcessMemory or WriteProcessMemory request was completed. (0x12B)
[1104/201441.440:WARNING:pe_image_reader.cc(340)] could not read dos header from C:\Windows\system32\WINTRUST.dll
[1104/201441.440:ERROR:process_memory_win.cc(73)] ReadMemory at 0x7fefd840000 of 64 bytes failed: Only part of a ReadProcessMemory or WriteProcessMemory request was completed. (0x12B)
[1104/201441.440:WARNING:pe_image_reader.cc(340)] could not read dos header from C:\Windows\system32\CRYPT32.dll
[1104/201441.440:ERROR:process_memory_win.cc(73)] ReadMemory at 0x7fefd830000 of 64 bytes failed: Only part of a ReadProcessMemory or WriteProcessMemory request was completed. (0x12B)
[1104/201441.440:WARNING:pe_image_reader.cc(340)] could not read dos header from C:\Windows\system32\MSASN1.dll
[1104/201441.440:ERROR:process_memory_win.cc(73)] ReadMemory at 0x7fefc0e0000 of 64 bytes failed: Only part of a ReadProcessMemory or WriteProcessMemory request was completed. (0x12B)
[1104/201441.440:WARNING:pe_image_reader.cc(340)] could not read dos header from C:\Windows\system32\USERENV.dll
[1104/201441.440:ERROR:process_memory_win.cc(73)] ReadMemory at 0x7fefd790000 of 64 bytes failed: Only part of a ReadProcessMemory or WriteProcessMemory request was completed. (0x12B)
[1104/201441.440:WARNING:pe_image_reader.cc(340)] could not read dos header from C:\Windows\system32\profapi.dll
[1104/201441.440:ERROR:process_memory_win.cc(73)] ReadMemory at 0x7feeb400000 of 64 bytes failed: Only part of a ReadProcessMemory or WriteProcessMemory request was completed. (0x12B)
[1104/201441.441:WARNING:pe_image_reader.cc(340)] could not read dos header from C:\Windows\system32\DWrite.dll
[1104/201441.441:ERROR:process_memory_win.cc(73)] ReadMemory at 0x7fef6770000 of 64 bytes failed: Only part of a ReadProcessMemory or WriteProcessMemory request was completed. (0x12B)
[1104/201441.441:WARNING:pe_image_reader.cc(340)] could not read dos header from C:\Windows\system32\WINSPOOL.DRV
[1104/201441.441:ERROR:process_memory_win.cc(73)] ReadMemory at 0x7feeba50000 of 64 bytes failed: Only part of a ReadProcessMemory or WriteProcessMemory request was completed. (0x12B)
[1104/201441.441:WARNING:pe_image_reader.cc(340)] could not read dos header from C:\Windows\system32\dbghelp.dll
[1104/201441.441:ERROR:process_memory_win.cc(73)] ReadMemory at 0x7fefcba0000 of 64 bytes failed: Only part of a ReadProcessMemory or WriteProcessMemory request was completed. (0x12B)
[1104/201441.441:WARNING:pe_image_reader.cc(340)] could not read dos header from C:\Windows\system32\Secur32.dll
[1104/201441.441:ERROR:process_memory_win.cc(73)] ReadMemory at 0x7fefd4c0000 of 64 bytes failed: Only part of a ReadProcessMemory or WriteProcessMemory request was completed. (0x12B)
[1104/201441.441:WARNING:pe_image_reader.cc(340)] could not read dos header from C:\Windows\system32\SSPICLI.DLL
[1104/201441.441:ERROR:process_memory_win.cc(73)] ReadMemory at 0x7fef7e90000 of 64 bytes failed: Only part of a ReadProcessMemory or WriteProcessMemory request was completed. (0x12B)
[1104/201441.441:WARNING:pe_image_reader.cc(340)] could not read dos header from C:\Windows\system32\WINHTTP.dll
[1104/201441.441:ERROR:process_memory_win.cc(73)] ReadMemory at 0x7fef7e20000 of 64 bytes failed: Only part of a ReadProcessMemory or WriteProcessMemory request was completed. (0x12B)
[1104/201441.441:WARNING:pe_image_reader.cc(340)] could not read dos header from C:\Windows\system32\webio.dll
[1104/201441.441:ERROR:process_memory_win.cc(73)] ReadMemory at 0x7fefa8c0000 of 64 bytes failed: Only part of a ReadProcessMemory or WriteProcessMemory request was completed. (0x12B)
[1104/201441.441:WARNING:pe_image_reader.cc(340)] could not read dos header from C:\Windows\system32\dhcpcsvc.DLL
[1104/201441.441:ERROR:process_memory_win.cc(73)] ReadMemory at 0x7fefd680000 of 64 bytes failed: Only part of a ReadProcessMemory or WriteProcessMemory request was completed. (0x12B)
[1104/201441.441:WARNING:pe_image_reader.cc(340)] could not read dos header from C:\Windows\system32\cryptbase.dll
[1104/201441.441:ERROR:process_memory_win.cc(73)] ReadMemory at 0x7fefb580000 of 64 bytes failed: Only part of a ReadProcessMemory or WriteProcessMemory request was completed. (0x12B)
[1104/201441.441:WARNING:pe_image_reader.cc(340)] could not read dos header from C:\Windows\system32\uxtheme.dll
[1104/201441.441:ERROR:process_memory_win.cc(73)] ReadMemory at 0x13fa30000 of 64 bytes failed: Only part of a ReadProcessMemory or WriteProcessMemory request was completed. (0x12B)
[1104/201441.441:WARNING:pe_image_reader.cc(340)] could not read dos header from C:\Program Files (x86)\Google\Chrome\Application\chrome.exe
[1104/201441.441:ERROR:process_memory_win.cc(73)] ReadMemory at 0x77840000 of 64 bytes failed: Only part of a ReadProcessMemory or WriteProcessMemory request was completed. (0x12B)
[1104/201441.441:WARNING:pe_image_reader.cc(340)] could not read dos header from C:\Windows\SYSTEM32\ntdll.dll
[1104/201441.441:ERROR:process_memory_win.cc(73)] ReadMemory at 0x77620000 of 64 bytes failed: Only part of a ReadProcessMemory or WriteProcessMemory request was completed. (0x12B)
[1104/201441.441:WARNING:pe_image_reader.cc(340)] could not read dos header from C:\Windows\system32\kernel32.dll
[1104/201441.441:ERROR:process_memory_win.cc(73)] ReadMemory at 0x7fefdaf0000 of 64 bytes failed: Only part of a ReadProcessMemory or WriteProcessMemory request was completed. (0x12B)
[1104/201441.441:WARNING:pe_image_reader.cc(340)] could not read dos header from C:\Windows\system32\KERNELBASE.dll
[1104/201441.441:ERROR:process_memory_win.cc(73)] ReadMemory at 0x7feea1a0000 of 64 bytes failed: Only part of a ReadProcessMemory or WriteProcessMemory request was completed. (0x12B)
[1104/201441.441:WARNING:pe_image_reader.cc(340)] could not read dos header from C:\Program Files (x86)\Google\Chrome\Application\78.0.3904.87\chrome_elf.dll
[1104/201441.441:ERROR:process_memory_win.cc(73)] ReadMemory at 0x7fefbf00000 of 64 bytes failed: Only part of a ReadProcessMemory or WriteProcessMemory request was completed. (0x12B)
[1104/201441.441:WARNING:pe_image_reader.cc(340)] could not read dos header from C:\Windows\system32\VERSION.dll
[1104/201441.441:ERROR:process_memory_win.cc(73)] ReadMemory at 0x7feff340000 of 64 bytes failed: Only part of a ReadProcessMemory or WriteProcessMemory request was completed. (0x12B)
[1104/201441.441:WARNING:pe_image_reader.cc(340)] could not read dos header from C:\Windows\system32\msvcrt.dll
[1104/201441.441:ERROR:process_memory_win.cc(73)] ReadMemory at 0x7fefdd40000 of 64 bytes failed: Only part of a ReadProcessMemory or WriteProcessMemory request was completed. (0x12B)
[1104/201441.441:WARNING:pe_image_reader.cc(340)] could not read dos header from C:\Windows\system32\SHELL32.dll
[1104/201441.441:ERROR:process_memory_win.cc(73)] ReadMemory at 0x7feff0b0000 of 64 bytes failed: Only part of a ReadProcessMemory or WriteProcessMemory request was completed. (0x12B)
[1104/201441.441:WARNING:pe_image_reader.cc(340)] could not read dos header from C:\Windows\system32\SHLWAPI.dll
[1104/201441.441:ERROR:process_memory_win.cc(73)] ReadMemory at 0x7feff690000 of 64 bytes failed: Only part of a ReadProcessMemory or WriteProcessMemory request was completed. (0x12B)
[1104/201441.441:WARNING:pe_image_reader.cc(340)] could not read dos header from C:\Windows\system32\GDI32.dll
[1104/201441.441:ERROR:process_memory_win.cc(73)] ReadMemory at 0xf60000 of 64 bytes failed: Only part of a ReadProcessMemory or WriteProcessMemory request was completed. (0x12B)
[1104/201441.441:WARNING:pe_image_reader.cc(340)] could not read dos header from C:\Windows\system32\USER32.dll
[1104/201441.441:ERROR:process_memory_win.cc(73)] ReadMemory at 0x7feff0a0000 of 64 bytes failed: Only part of a ReadProcessMemory or WriteProcessMemory request was completed. (0x12B)
[1104/201441.441:WARNING:pe_image_reader.cc(340)] could not read dos header from C:\Windows\system32\LPK.dll
[1104/201441.441:ERROR:process_memory_win.cc(73)] ReadMemory at 0x7feffa70000 of 64 bytes failed: Only part of a ReadProcessMemory or WriteProcessMemory request was completed. (0x12B)
[1104/201441.441:WARNING:pe_image_reader.cc(340)] could not read dos header from C:\Windows\system32\USP10.dll
[1104/201441.441:ERROR:process_memory_win.cc(73)] ReadMemory at 0x7fefead0000 of 64 bytes failed: Only part of a ReadProcessMemory or WriteProcessMemory request was completed. (0x12B)
[1104/201441.441:WARNING:pe_image_reader.cc(340)] could not read dos header from C:\Windows\system32\IMM32.DLL
[1104/201441.441:ERROR:process_memory_win.cc(73)] ReadMemory at 0x7fefedb0000 of 64 bytes failed: Only part of a ReadProcessMemory or WriteProcessMemory request was completed. (0x12B)
[1104/201441.441:WARNING:pe_image_reader.cc(340)] could not read dos header from C:\Windows\system32\MSCTF.dll
[1104/201441.441:ERROR:process_memory_win.cc(73)] ReadMemory at 0xa01300000 of 64 bytes failed: Only part of a ReadProcessMemory or WriteProcessMemory request was completed. (0x12B)
[1104/201441.441:WARNING:pe_image_reader.cc(340)] could not read dos header from C:\Windows\system32\avgrssta.dll
[1104/201441.441:ERROR:process_memory_win.cc(73)] ReadMemory at 0x7fefecd0000 of 64 bytes failed: Only part of a ReadProcessMemory or WriteProcessMemory request was completed. (0x12B)
[1104/201441.441:WARNING:pe_image_reader.cc(340)] could not read dos header from C:\Windows\system32\ADVAPI32.dll
[1104/201441.441:ERROR:process_memory_win.cc(73)] ReadMemory at 0x7fefec30000 of 64 bytes failed: Only part of a ReadProcessMemory or WriteProcessMemory request was completed. (0x12B)
[1104/201441.441:WARNING:pe_image_reader.cc(340)] could not read dos header from C:\Windows\SYSTEM32\sechost.dll
[1104/201441.441:ERROR:process_memory_win.cc(73)] ReadMemory at 0x7fefeb00000 of 64 bytes failed: Only part of a ReadProcessMemory or WriteProcessMemory request was completed. (0x12B)
[1104/201441.441:WARNING:pe_image_reader.cc(340)] could not read dos header from C:\Windows\system32\RPCRT4.dll
[1104/201441.441:ERROR:process_memory_win.cc(73)] ReadMemory at 0x7fedab10000 of 64 bytes failed: Only part of a ReadProcessMemory or WriteProcessMemory request was completed. (0x12B)
[1104/201441.441:WARNING:pe_image_reader.cc(340)] could not read dos header from C:\Program Files (x86)\Google\Chrome\Application\78.0.3904.87\chrome_child.dll
[1104/201441.441:ERROR:process_memory_win.cc(73)] ReadMemory at 0x7feff480000 of 64 bytes failed: Only part of a ReadProcessMemory or WriteProcessMemory request was completed. (0x12B)
[1104/201441.441:WARNING:pe_image_reader.cc(340)] could not read dos header from C:\Windows\system32\OLEAUT32.dll
[1104/201441.441:ERROR:process_memory_win.cc(73)] ReadMemory at 0x7feff130000 of 64 bytes failed: Only part of a ReadProcessMemory or WriteProcessMemory request was completed. (0x12B)
[1104/201441.441:WARNING:pe_image_reader.cc(340)] could not read dos header from C:\Windows\system32\ole32.dll
[1104/201441.442:ERROR:process_memory_win.cc(73)] ReadMemory at 0x7feffa20000 of 64 bytes failed: Only part of a ReadProcessMemory or WriteProcessMemory request was completed. (0x12B)
[1104/201441.442:WARNING:pe_image_reader.cc(340)] could not read dos header from C:\Windows\system32\WS2_32.dll
[1104/201441.442:ERROR:process_memory_win.cc(73)] ReadMemory at 0x7feffb40000 of 64 bytes failed: Only part of a ReadProcessMemory or WriteProcessMemory request was completed. (0x12B)
[1104/201441.442:WARNING:pe_image_reader.cc(340)] could not read dos header from C:\Windows\system32\NSI.dll
[1104/201441.442:ERROR:process_memory_win.cc(73)] ReadMemory at 0x7fefaa40000 of 64 bytes failed: Only part of a ReadProcessMemory or WriteProcessMemory request was completed. (0x12B)
[1104/201441.442:WARNING:pe_image_reader.cc(340)] could not read dos header from C:\Windows\system32\IPHLPAPI.DLL
[1104/201441.442:ERROR:process_memory_win.cc(73)] ReadMemory at 0x7fefaa30000 of 64 bytes failed: Only part of a ReadProcessMemory or WriteProcessMemory request was completed. (0x12B)
[1104/201441.442:WARNING:pe_image_reader.cc(340)] could not read dos header from C:\Windows\system32\WINNSI.DLL
[1104/201441.442:ERROR:process_memory_win.cc(73)] ReadMemory at 0x7fefadf0000 of 64 bytes failed: Only part of a ReadProcessMemory or WriteProcessMemory request was completed. (0x12B)
[1104/201441.442:WARNING:pe_image_reader.cc(340)] could not read dos header from C:\Windows\system32\WINMM.dll
[1104/201441.442:ERROR:process_memory_win.cc(73)] ReadMemory at 0x7fefda10000 of 64 bytes failed: Only part of a ReadProcessMemory or WriteProcessMemory request was completed. (0x12B)
[1104/201441.442:WARNING:pe_image_reader.cc(340)] could not read dos header from C:\Windows\system32\WINTRUST.dll
[1104/201441.442:ERROR:process_memory_win.cc(73)] ReadMemory at 0x7fefd840000 of 64 bytes failed: Only part of a ReadProcessMemory or WriteProcessMemory request was completed. (0x12B)
[1104/201441.442:WARNING:pe_image_reader.cc(340)] could not read dos header from C:\Windows\system32\CRYPT32.dll
[1104/201441.442:ERROR:process_memory_win.cc(73)] ReadMemory at 0x7fefd830000 of 64 bytes failed: Only part of a ReadProcessMemory or WriteProcessMemory request was completed. (0x12B)
[1104/201441.442:WARNING:pe_image_reader.cc(340)] could not read dos header from C:\Windows\system32\MSASN1.dll
[1104/201441.442:ERROR:process_memory_win.cc(73)] ReadMemory at 0x7fefc0e0000 of 64 bytes failed: Only part of a ReadProcessMemory or WriteProcessMemory request was completed. (0x12B)
[1104/201441.442:WARNING:pe_image_reader.cc(340)] could not read dos header from C:\Windows\system32\USERENV.dll
[1104/201441.442:ERROR:process_memory_win.cc(73)] ReadMemory at 0x7fefd790000 of 64 bytes failed: Only part of a ReadProcessMemory or WriteProcessMemory request was completed. (0x12B)
[1104/201441.442:WARNING:pe_image_reader.cc(340)] could not read dos header from C:\Windows\system32\profapi.dll
[1104/201441.442:ERROR:process_memory_win.cc(73)] ReadMemory at 0x7feeb400000 of 64 bytes failed: Only part of a ReadProcessMemory or WriteProcessMemory request was completed. (0x12B)
[1104/201441.442:WARNING:pe_image_reader.cc(340)] could not read dos header from C:\Windows\system32\DWrite.dll
[1104/201441.442:ERROR:process_memory_win.cc(73)] ReadMemory at 0x7fef6770000 of 64 bytes failed: Only part of a ReadProcessMemory or WriteProcessMemory request was completed. (0x12B)
[1104/201441.442:WARNING:pe_image_reader.cc(340)] could not read dos header from C:\Windows\system32\WINSPOOL.DRV
[1104/201441.442:ERROR:process_memory_win.cc(73)] ReadMemory at 0x7feeba50000 of 64 bytes failed: Only part of a ReadProcessMemory or WriteProcessMemory request was completed. (0x12B)
[1104/201441.442:WARNING:pe_image_reader.cc(340)] could not read dos header from C:\Windows\system32\dbghelp.dll
[1104/201441.442:ERROR:process_memory_win.cc(73)] ReadMemory at 0x7fefcba0000 of 64 bytes failed: Only part of a ReadProcessMemory or WriteProcessMemory request was completed. (0x12B)
[1104/201441.442:WARNING:pe_image_reader.cc(340)] could not read dos header from C:\Windows\system32\Secur32.dll
[1104/201441.442:ERROR:process_memory_win.cc(73)] ReadMemory at 0x7fefd4c0000 of 64 bytes failed: Only part of a ReadProcessMemory or WriteProcessMemory request was completed. (0x12B)
[1104/201441.442:WARNING:pe_image_reader.cc(340)] could not read dos header from C:\Windows\system32\SSPICLI.DLL
[1104/201441.442:ERROR:process_memory_win.cc(73)] ReadMemory at 0x7fef7e90000 of 64 bytes failed: Only part of a ReadProcessMemory or WriteProcessMemory request was completed. (0x12B)
[1104/201441.442:WARNING:pe_image_reader.cc(340)] could not read dos header from C:\Windows\system32\WINHTTP.dll
[1104/201441.442:ERROR:process_memory_win.cc(73)] ReadMemory at 0x7fef7e20000 of 64 bytes failed: Only part of a ReadProcessMemory or WriteProcessMemory request was completed. (0x12B)
[1104/201441.442:WARNING:pe_image_reader.cc(340)] could not read dos header from C:\Windows\system32\webio.dll
[1104/201441.442:ERROR:process_memory_win.cc(73)] ReadMemory at 0x7fefa8c0000 of 64 bytes failed: Only part of a ReadProcessMemory or WriteProcessMemory request was completed. (0x12B)
[1104/201441.442:WARNING:pe_image_reader.cc(340)] could not read dos header from C:\Windows\system32\dhcpcsvc.DLL
[1104/201441.442:ERROR:process_memory_win.cc(73)] ReadMemory at 0x7fefd680000 of 64 bytes failed: Only part of a ReadProcessMemory or WriteProcessMemory request was completed. (0x12B)
[1104/201441.442:WARNING:pe_image_reader.cc(340)] could not read dos header from C:\Windows\system32\cryptbase.dll
[1104/201441.442:ERROR:process_memory_win.cc(73)] ReadMemory at 0x7fefb580000 of 64 bytes failed: Only part of a ReadProcessMemory or WriteProcessMemory request was completed. (0x12B)
[1104/201441.442:WARNING:pe_image_reader.cc(340)] could not read dos header from C:\Windows\system32\uxtheme.dll
[1104/201441.446:ERROR:process_memory_win.cc(73)] ReadMemory at 0x968000 of 98304 bytes failed: Only part of a ReadProcessMemory or WriteProcessMemory request was completed. (0x12B)
[1104/201441.538:ERROR:process_memory_win.cc(73)] ReadMemory at 0x3e0d000 of 12288 bytes failed: Only part of a ReadProcessMemory or WriteProcessMemory request was completed. (0x12B)
[1104/201441.539:ERROR:process_memory_win.cc(73)] ReadMemory at 0x4eec000 of 16384 bytes failed: Only part of a ReadProcessMemory or WriteProcessMemory request was completed. (0x12B)
[1104/201441.539:ERROR:process_memory_win.cc(73)] ReadMemory at 0x575c000 of 16384 bytes failed: Only part of a ReadProcessMemory or WriteProcessMemory request was completed. (0x12B)
[1104/201441.539:ERROR:process_memory_win.cc(73)] ReadMemory at 0x60bf000 of 4096 bytes failed: Only part of a ReadProcessMemory or WriteProcessMemory request was completed. (0x12B)
[1104/201441.539:ERROR:process_memory_win.cc(73)] ReadMemory at 0x6a1e000 of 8192 bytes failed: Only part of a ReadProcessMemory or WriteProcessMemory request was completed. (0x12B)
[1104/201441.539:ERROR:process_memory_win.cc(73)] ReadMemory at 0x73fc000 of 16384 bytes failed: Only part of a ReadProcessMemory or WriteProcessMemory request was completed. (0x12B)
[1104/201441.539:ERROR:process_memory_win.cc(73)] ReadMemory at 0x7e4b000 of 20480 bytes failed: Only part of a ReadProcessMemory or WriteProcessMemory request was completed. (0x12B)
[1104/201441.539:ERROR:process_memory_win.cc(73)] ReadMemory at 0x90ec000 of 16384 bytes failed: Only part of a ReadProcessMemory or WriteProcessMemory request was completed. (0x12B)
[1104/201441.539:ERROR:process_memory_win.cc(73)] ReadMemory at 0x991d000 of 12288 bytes failed: Only part of a ReadProcessMemory or WriteProcessMemory request was completed. (0x12B)
[1104/201441.539:ERROR:process_memory_win.cc(73)] ReadMemory at 0x87bc000 of 16384 bytes failed: Only part of a ReadProcessMemory or WriteProcessMemory request was completed. (0x12B)
[1104/201441.539:ERROR:process_memory_win.cc(73)] ReadMemory at 0xc11d000 of 12288 bytes failed: Only part of a ReadProcessMemory or WriteProcessMemory request was completed. (0x12B)
[1104/201441.539:ERROR:process_memory_win.cc(73)] ReadMemory at 0xcd9d000 of 12288 bytes failed: Only part of a ReadProcessMemory or WriteProcessMemory request was completed. (0x12B)
[1104/201441.539:ERROR:process_memory_win.cc(73)] ReadMemory at 0x103ee000 of 8192 bytes failed: Only part of a ReadProcessMemory or WriteProcessMemory request was completed. (0x12B)
[1104/201441.539:ERROR:process_memory_win.cc(73)] ReadMemory at 0xa61320 of 3848 bytes failed: Only part of a ReadProcessMemory or WriteProcessMemory request was completed. (0x12B)
[1104/201441.540:ERROR:process_memory_win.cc(73)] ReadMemory at 0xa62230 of 1012 bytes failed: Only part of a ReadProcessMemory or WriteProcessMemory request was completed. (0x12B)
[1104/201441.540:ERROR:process_memory_win.cc(73)] ReadMemory at 0xa62838 of 1256 bytes failed: Only part of a ReadProcessMemory or WriteProcessMemory request was completed. (0x12B)
[1104/201441.540:ERROR:process_memory_win.cc(73)] ReadMemory at 0xa62d22 of 118 bytes failed: Only part of a ReadProcessMemory or WriteProcessMemory request was completed. (0x12B)
[1104/201441.540:ERROR:process_memory_win.cc(73)] ReadMemory at 0xa62d9a of 780 bytes failed: Only part of a ReadProcessMemory or WriteProcessMemory request was completed. (0x12B)
[1104/201441.809:ERROR:process_memory_win.cc(73)] ReadMemory at 0xa630a8 of 118 bytes failed: Only part of a ReadProcessMemory or WriteProcessMemory request was completed. (0x12B)
[1104/201441.809:ERROR:process_memory_win.cc(73)] ReadMemory at 0xa63120 of 94 bytes failed: Only part of a ReadProcessMemory or WriteProcessMemory request was completed. (0x12B)
[1104/201441.809:ERROR:process_memory_win.cc(73)] ReadMemory at 0xa63190 of 58 bytes failed: Only part of a ReadProcessMemory or WriteProcessMemory request was completed. (0x12B)
[1104/201441.809:ERROR:process_memory_win.cc(73)] ReadMemory at 0xa63220 of 132 bytes failed: Only part of a ReadProcessMemory or WriteProcessMemory request was completed. (0x12B)
[1104/201441.809:ERROR:process_memory_win.cc(73)] ReadMemory at 0xa63310 of 132 bytes failed: Only part of a ReadProcessMemory or WriteProcessMemory request was completed. (0x12B)
[1104/201441.809:ERROR:process_memory_win.cc(73)] ReadMemory at 0xa63428 of 124 bytes failed: Only part of a ReadProcessMemory or WriteProcessMemory request was completed. (0x12B)
[1104/201441.809:ERROR:process_memory_win.cc(73)] ReadMemory at 0xa63710 of 64 bytes failed: Only part of a ReadProcessMemory or WriteProcessMemory request was completed. (0x12B)
[1104/201441.809:ERROR:process_memory_win.cc(73)] ReadMemory at 0xa63760 of 132 bytes failed: Only part of a ReadProcessMemory or WriteProcessMemory request was completed. (0x12B)
[1104/201441.809:ERROR:process_memory_win.cc(73)] ReadMemory at 0xa63880 of 68 bytes failed: Only part of a ReadProcessMemory or WriteProcessMemory request was completed. (0x12B)
[1104/201441.943:ERROR:process_memory_win.cc(73)] ReadMemory at 0xa638d0 of 132 bytes failed: Only part of a ReadProcessMemory or WriteProcessMemory request was completed. (0x12B)
[1104/201441.943:ERROR:process_memory_win.cc(73)] ReadMemory at 0xa64a80 of 152 bytes failed: Only part of a ReadProcessMemory or WriteProcessMemory request was completed. (0x12B)
[1104/201441.943:ERROR:process_memory_win.cc(73)] ReadMemory at 0xa64b30 of 132 bytes failed: Only part of a ReadProcessMemory or WriteProcessMemory request was completed. (0x12B)
[1104/201441.943:ERROR:process_memory_win.cc(73)] ReadMemory at 0xa652b0 of 60 bytes failed: Only part of a ReadProcessMemory or WriteProcessMemory request was completed. (0x12B)
[1104/201441.943:ERROR:process_memory_win.cc(73)] ReadMemory at 0xa65300 of 132 bytes failed: Only part of a ReadProcessMemory or WriteProcessMemory request was completed. (0x12B)
[1104/201441.943:ERROR:process_memory_win.cc(73)] ReadMemory at 0xa65550 of 62 bytes failed: Only part of a ReadProcessMemory or WriteProcessMemory request was completed. (0x12B)
[1104/201441.944:ERROR:process_memory_win.cc(73)] ReadMemory at 0xa655a0 of 132 bytes failed: Only part of a ReadProcessMemory or WriteProcessMemory request was completed. (0x12B)
[1104/201441.944:ERROR:process_memory_win.cc(73)] ReadMemory at 0xa882f0 of 62 bytes failed: Only part of a ReadProcessMemory or WriteProcessMemory request was completed. (0x12B)
[1104/201441.944:ERROR:process_memory_win.cc(73)] ReadMemory at 0xa88340 of 132 bytes failed: Only part of a ReadProcessMemory or WriteProcessMemory request was completed. (0x12B)
[1104/201441.944:ERROR:process_memory_win.cc(73)] ReadMemory at 0xa88430 of 62 bytes failed: Only part of a ReadProcessMemory or WriteProcessMemory request was completed. (0x12B)
[1104/201441.944:ERROR:process_memory_win.cc(73)] ReadMemory at 0xa88480 of 132 bytes failed: Only part of a ReadProcessMemory or WriteProcessMemory request was completed. (0x12B)
[1104/201441.944:ERROR:process_memory_win.cc(73)] ReadMemory at 0xa88570 of 58 bytes failed: Only part of a ReadProcessMemory or WriteProcessMemory request was completed. (0x12B)
[1104/201441.944:ERROR:process_memory_win.cc(73)] ReadMemory at 0xa885c0 of 60 bytes failed: Only part of a ReadProcessMemory or WriteProcessMemory request was completed. (0x12B)
[1104/201441.944:ERROR:process_memory_win.cc(73)] ReadMemory at 0xa8ba20 of 54 bytes failed: Only part of a ReadProcessMemory or WriteProcessMemory request was completed. (0x12B)
[1104/201441.944:ERROR:process_memory_win.cc(73)] ReadMemory at 0xa8cbf0 of 132 bytes failed: Only part of a ReadProcessMemory or WriteProcessMemory request was completed. (0x12B)
[1104/201441.944:ERROR:process_memory_win.cc(73)] ReadMemory at 0xa8cce0 of 132 bytes failed: Only part of a ReadProcessMemory or WriteProcessMemory request was completed. (0x12B)
[1104/201441.944:ERROR:process_memory_win.cc(73)] ReadMemory at 0xa8cdd0 of 132 bytes failed: Only part of a ReadProcessMemory or WriteProcessMemory request was completed. (0x12B)
[1104/201441.944:ERROR:process_memory_win.cc(73)] ReadMemory at 0xa8cef0 of 58 bytes failed: Only part of a ReadProcessMemory or WriteProcessMemory request was completed. (0x12B)
[1104/201441.944:ERROR:process_memory_win.cc(73)] ReadMemory at 0xa8cf40 of 58 bytes failed: Only part of a ReadProcessMemory or WriteProcessMemory request was completed. (0x12B)
[1104/201441.944:ERROR:process_memory_win.cc(73)] ReadMemory at 0xa8cf90 of 58 bytes failed: Only part of a ReadProcessMemory or WriteProcessMemory request was completed. (0x12B)
[1104/201441.944:ERROR:process_memory_win.cc(73)] ReadMemory at 0xa8cfe0 of 64 bytes failed: Only part of a ReadProcessMemory or WriteProcessMemory request was completed. (0x12B)
[1104/201441.944:ERROR:process_memory_win.cc(73)] ReadMemory at 0xa8d030 of 64 bytes failed: Only part of a ReadProcessMemory or WriteProcessMemory request was completed. (0x12B)
[1104/201442.087:ERROR:process_memory_win.cc(73)] ReadMemory at 0xa8d080 of 62 bytes failed: Only part of a ReadProcessMemory or WriteProcessMemory request was completed. (0x12B)
[1104/201442.087:ERROR:process_memory_win.cc(73)] ReadMemory at 0xa8d0d0 of 60 bytes failed: Only part of a ReadProcessMemory or WriteProcessMemory request was completed. (0x12B)
[1104/201442.087:ERROR:process_memory_win.cc(73)] ReadMemory at 0xa8d120 of 64 bytes failed: Only part of a ReadProcessMemory or WriteProcessMemory request was completed. (0x12B)
[1104/201442.087:ERROR:process_memory_win.cc(73)] ReadMemory at 0xa8d170 of 58 bytes failed: Only part of a ReadProcessMemory or WriteProcessMemory request was completed. (0x12B)
[1104/201442.087:ERROR:process_memory_win.cc(73)] ReadMemory at 0xa8d1c0 of 60 bytes failed: Only part of a ReadProcessMemory or WriteProcessMemory request was completed. (0x12B)
[1104/201442.087:ERROR:process_memory_win.cc(73)] ReadMemory at 0xa8d210 of 64 bytes failed: Only part of a ReadProcessMemory or WriteProcessMemory request was completed. (0x12B)
[1104/201442.187:ERROR:process_memory_win.cc(73)] ReadMemory at 0xa8d260 of 60 bytes failed: Only part of a ReadProcessMemory or WriteProcessMemory request was completed. (0x12B)
[1104/201442.187:ERROR:process_memory_win.cc(73)] ReadMemory at 0xa8d2b0 of 58 bytes failed: Only part of a ReadProcessMemory or WriteProcessMemory request was completed. (0x12B)
[1104/201442.187:ERROR:process_memory_win.cc(73)] ReadMemory at 0xa8d300 of 64 bytes failed: Only part of a ReadProcessMemory or WriteProcessMemory request was completed. (0x12B)
[1104/201442.187:ERROR:process_memory_win.cc(73)] ReadMemory at 0xa8d350 of 62 bytes failed: Only part of a ReadProcessMemory or WriteProcessMemory request was completed. (0x12B)
[1104/201442.187:ERROR:process_memory_win.cc(73)] ReadMemory at 0xa8d3a0 of 60 bytes failed: Only part of a ReadProcessMemory or WriteProcessMemory request was completed. (0x12B)
[1104/201442.187:ERROR:process_memory_win.cc(73)] ReadMemory at 0xa8d3f0 of 62 bytes failed: Only part of a ReadProcessMemory or WriteProcessMemory request was completed. (0x12B)
[1104/201442.188:ERROR:process_memory_win.cc(73)] ReadMemory at 0xa8d440 of 62 bytes failed: Only part of a ReadProcessMemory or WriteProcessMemory request was completed. (0x12B)
[1104/201442.188:ERROR:process_memory_win.cc(73)] ReadMemory at 0xa8d490 of 60 bytes failed: Only part of a ReadProcessMemory or WriteProcessMemory request was completed. (0x12B)
[1104/201442.188:ERROR:process_memory_win.cc(73)] ReadMemory at 0xa8d4e0 of 64 bytes failed: Only part of a ReadProcessMemory or WriteProcessMemory request was completed. (0x12B)
[1104/201442.188:ERROR:process_memory_win.cc(73)] ReadMemory at 0xa8d530 of 62 bytes failed: Only part of a ReadProcessMemory or WriteProcessMemory request was completed. (0x12B)
[1104/201442.188:ERROR:process_memory_win.cc(73)] ReadMemory at 0xa8d580 of 62 bytes failed: Only part of a ReadProcessMemory or WriteProcessMemory request was completed. (0x12B)
[1104/201442.264:ERROR:process_memory_win.cc(73)] ReadMemory at 0xa8d5d0 of 62 bytes failed: Only part of a ReadProcessMemory or WriteProcessMemory request was completed. (0x12B)
[1104/201442.264:ERROR:process_memory_win.cc(73)] ReadMemory at 0xa8d620 of 62 bytes failed: Only part of a ReadProcessMemory or WriteProcessMemory request was completed. (0x12B)
[1104/201442.264:ERROR:process_memory_win.cc(73)] ReadMemory at 0xa8d670 of 58 bytes failed: Only part of a ReadProcessMemory or WriteProcessMemory request was completed. (0x12B)
[1104/201442.265:ERROR:process_memory_win.cc(73)] ReadMemory at 0xa8d6c0 of 64 bytes failed: Only part of a ReadProcessMemory or WriteProcessMemory request was completed. (0x12B)
[1104/201442.265:ERROR:process_memory_win.cc(73)] ReadMemory at 0xa8dec0 of 132 bytes failed: Only part of a ReadProcessMemory or WriteProcessMemory request was completed. (0x12B)
[1104/201442.265:ERROR:process_memory_win.cc(73)] ReadMemory at 0xa8dfb0 of 132 bytes failed: Only part of a ReadProcessMemory or WriteProcessMemory request was completed. (0x12B)
[1104/201442.265:ERROR:process_memory_win.cc(73)] ReadMemory at 0xa8e1e0 of 132 bytes failed: Only part of a ReadProcessMemory or WriteProcessMemory request was completed. (0x12B)
[1104/201442.265:ERROR:process_memory_win.cc(73)] ReadMemory at 0xa8fbe0 of 54 bytes failed: Only part of a ReadProcessMemory or WriteProcessMemory request was completed. (0x12B)
[1104/201442.265:ERROR:process_memory_win.cc(73)] ReadMemory at 0xa90bd0 of 132 bytes failed: Only part of a ReadProcessMemory or WriteProcessMemory request was completed. (0x12B)
[1104/201442.265:ERROR:process_memory_win.cc(73)] ReadMemory at 0xa90cc0 of 132 bytes failed: Only part of a ReadProcessMemory or WriteProcessMemory request was completed. (0x12B)
[1104/201442.265:ERROR:process_memory_win.cc(73)] ReadMemory at 0xa91010 of 132 bytes failed: Only part of a ReadProcessMemory or WriteProcessMemory request was completed. (0x12B)
[1104/201442.265:ERROR:process_memory_win.cc(73)] ReadMemory at 0xa91100 of 132 bytes failed: Only part of a ReadProcessMemory or WriteProcessMemory request was completed. (0x12B)
[1104/201442.298:ERROR:process_memory_win.cc(73)] ReadMemory at 0xa911f0 of 132 bytes failed: Only part of a ReadProcessMemory or WriteProcessMemory request was completed. (0x12B)
[1104/201442.298:ERROR:process_memory_win.cc(73)] ReadMemory at 0xa912e0 of 132 bytes failed: Only part of a ReadProcessMemory or WriteProcessMemory request was completed. (0x12B)
[1104/201442.298:ERROR:process_memory_win.cc(73)] ReadMemory at 0xa913d0 of 132 bytes failed: Only part of a ReadProcessMemory or WriteProcessMemory request was completed. (0x12B)
[1104/201442.299:ERROR:process_memory_win.cc(73)] ReadMemory at 0xa914c0 of 132 bytes failed: Only part of a ReadProcessMemory or WriteProcessMemory request was completed. (0x12B)
[1104/201442.510:ERROR:process_memory_win.cc(73)] ReadMemory at 0xa915b0 of 132 bytes failed: Only part of a ReadProcessMemory or WriteProcessMemory request was completed. (0x12B)
[1104/201442.510:ERROR:process_memory_win.cc(73)] ReadMemory at 0xa916a0 of 132 bytes failed: Only part of a ReadProcessMemory or WriteProcessMemory request was completed. (0x12B)
[1104/201442.510:ERROR:process_memory_win.cc(73)] ReadMemory at 0xa91790 of 132 bytes failed: Only part of a ReadProcessMemory or WriteProcessMemory request was completed. (0x12B)
[1104/201442.510:ERROR:process_memory_win.cc(73)] ReadMemory at 0xa91880 of 132 bytes failed: Only part of a ReadProcessMemory or WriteProcessMemory request was completed. (0x12B)
[1104/201442.510:ERROR:process_memory_win.cc(73)] ReadMemory at 0xa91970 of 132 bytes failed: Only part of a ReadProcessMemory or WriteProcessMemory request was completed. (0x12B)
[1104/201442.510:ERROR:process_memory_win.cc(73)] ReadMemory at 0xa91a60 of 132 bytes failed: Only part of a ReadProcessMemory or WriteProcessMemory request was completed. (0x12B)
[1104/201442.510:ERROR:process_memory_win.cc(73)] ReadMemory at 0xa91b50 of 132 bytes failed: Only part of a ReadProcessMemory or WriteProcessMemory request was completed. (0x12B)
[1104/201442.510:ERROR:process_memory_win.cc(73)] ReadMemory at 0xa91c40 of 132 bytes failed: Only part of a ReadProcessMemory or WriteProcessMemory request was completed. (0x12B)
[1104/201442.510:ERROR:process_memory_win.cc(73)] ReadMemory at 0xa91d30 of 132 bytes failed: Only part of a ReadProcessMemory or WriteProcessMemory request was completed. (0x12B)
[1104/201442.510:ERROR:process_memory_win.cc(73)] ReadMemory at 0xa91e20 of 132 bytes failed: Only part of a ReadProcessMemory or WriteProcessMemory request was completed. (0x12B)
[1104/201442.511:ERROR:process_memory_win.cc(73)] ReadMemory at 0xa91f10 of 132 bytes failed: Only part of a ReadProcessMemory or WriteProcessMemory request was completed. (0x12B)
[1104/201442.511:ERROR:process_memory_win.cc(73)] ReadMemory at 0xa92000 of 132 bytes failed: Only part of a ReadProcessMemory or WriteProcessMemory request was completed. (0x12B)
[1104/201442.511:ERROR:process_memory_win.cc(73)] ReadMemory at 0xa920f0 of 132 bytes failed: Only part of a ReadProcessMemory or WriteProcessMemory request was completed. (0x12B)
[1104/201442.511:ERROR:process_memory_win.cc(73)] ReadMemory at 0xa921e0 of 132 bytes failed: Only part of a ReadProcessMemory or WriteProcessMemory request was completed. (0x12B)
[1104/201442.511:ERROR:process_memory_win.cc(73)] ReadMemory at 0xa922d0 of 132 bytes failed: Only part of a ReadProcessMemory or WriteProcessMemory request was completed. (0x12B)
[1104/201442.511:ERROR:process_memory_win.cc(73)] ReadMemory at 0xa923c0 of 132 bytes failed: Only part of a ReadProcessMemory or WriteProcessMemory request was completed. (0x12B)
[1104/201442.511:ERROR:process_memory_win.cc(73)] ReadMemory at 0xa924b0 of 132 bytes failed: Only part of a ReadProcessMemory or WriteProcessMemory request was completed. (0x12B)
[1104/201442.511:ERROR:process_memory_win.cc(73)] ReadMemory at 0xa925a0 of 132 bytes failed: Only part of a ReadProcessMemory or WriteProcessMemory request was completed. (0x12B)
[1104/201442.511:ERROR:process_memory_win.cc(73)] ReadMemory at 0xa952c0 of 156 bytes failed: Only part of a ReadProcessMemory or WriteProcessMemory request was completed. (0x12B)
[1104/201442.549:ERROR:process_memory_win.cc(73)] ReadMemory at 0xaa1530 of 66 bytes failed: Only part of a ReadProcessMemory or WriteProcessMemory request was completed. (0x12B)
[1104/201442.549:ERROR:process_memory_win.cc(73)] ReadMemory at 0xaabf00 of 512 bytes failed: Only part of a ReadProcessMemory or WriteProcessMemory request was completed. (0x12B)
[1104/201442.549:ERROR:process_memory_win.cc(73)] ReadMemory at 0xaac360 of 512 bytes failed: Only part of a ReadProcessMemory or WriteProcessMemory request was completed. (0x12B)
[1104/201442.550:ERROR:process_memory_win.cc(73)] ReadMemory at 0xe07740 of 512 bytes failed: Only part of a ReadProcessMemory or WriteProcessMemory request was completed. (0x12B)
[1104/201442.550:ERROR:process_memory_win.cc(73)] ReadMemory at 0xee44c0 of 512 bytes failed: Only part of a ReadProcessMemory or WriteProcessMemory request was completed. (0x12B)
[1104/201442.550:ERROR:process_memory_win.cc(73)] ReadMemory at 0x10a0000 of 384 bytes failed: Only part of a ReadProcessMemory or WriteProcessMemory request was completed. (0x12B)
[1104/201442.550:ERROR:process_memory_win.cc(73)] ReadMemory at 0x10a44e0 of 560 bytes failed: Only part of a ReadProcessMemory or WriteProcessMemory request was completed. (0x12B)
[1104/201442.550:ERROR:process_memory_win.cc(73)] ReadMemory at 0x11120d0 of 960 bytes failed: Only part of a ReadProcessMemory or WriteProcessMemory request was completed. (0x12B)
[1104/201442.550:ERROR:process_memory_win.cc(73)] ReadMemory at 0x1112a10 of 512 bytes failed: Only part of a ReadProcessMemory or WriteProcessMemory request was completed. (0x12B)
[1104/201442.550:ERROR:process_memory_win.cc(73)] ReadMemory at 0x11142e0 of 512 bytes failed: Only part of a ReadProcessMemory or WriteProcessMemory request was completed. (0x12B)
[1104/201442.550:ERROR:process_memory_win.cc(73)] ReadMemory at 0x115bf30 of 512 bytes failed: Only part of a ReadProcessMemory or WriteProcessMemory request was completed. (0x12B)
[1104/201442.550:ERROR:process_memory_win.cc(73)] ReadMemory at 0x57761c0 of 512 bytes failed: Only part of a ReadProcessMemory or WriteProcessMemory request was completed. (0x12B)
[1104/201442.550:ERROR:process_memory_win.cc(73)] ReadMemory at 0x5779a10 of 712 bytes failed: Only part of a ReadProcessMemory or WriteProcessMemory request was completed. (0x12B)
[1104/201442.550:ERROR:process_memory_win.cc(73)] ReadMemory at 0x583bfe0 of 528 bytes failed: Only part of a ReadProcessMemory or WriteProcessMemory request was completed. (0x12B)
[1104/201442.711:ERROR:process_memory_win.cc(73)] ReadMemory at 0x583e1a0 of 512 bytes failed: Only part of a ReadProcessMemory or WriteProcessMemory request was completed. (0x12B)
[1104/201442.711:ERROR:process_memory_win.cc(73)] ReadMemory at 0x5841340 of 512 bytes failed: Only part of a ReadProcessMemory or WriteProcessMemory request was completed. (0x12B)
[1104/201442.711:ERROR:process_memory_win.cc(73)] ReadMemory at 0x584e4f0 of 576 bytes failed: Only part of a ReadProcessMemory or WriteProcessMemory request was completed. (0x12B)
[1104/201442.711:ERROR:process_memory_win.cc(73)] ReadMemory at 0x7533278 of 512 bytes failed: Only part of a ReadProcessMemory or WriteProcessMemory request was completed. (0x12B)
[1104/201442.711:ERROR:process_memory_win.cc(73)] ReadMemory at 0x7551ba0 of 512 bytes failed: Only part of a ReadProcessMemory or WriteProcessMemory request was completed. (0x12B)
[1104/201442.711:ERROR:process_memory_win.cc(73)] ReadMemory at 0x7567b50 of 512 bytes failed: Only part of a ReadProcessMemory or WriteProcessMemory request was completed. (0x12B)
[1104/201442.711:ERROR:process_memory_win.cc(73)] ReadMemory at 0x992f428 of 512 bytes failed: Only part of a ReadProcessMemory or WriteProcessMemory request was completed. (0x12B)
[1104/201442.712:ERROR:process_memory_win.cc(73)] ReadMemory at 0x9e64cb0 of 512 bytes failed: Only part of a ReadProcessMemory or WriteProcessMemory request was completed. (0x12B)
[1104/201442.712:ERROR:process_memory_win.cc(73)] ReadMemory at 0xf96ff8c of 512 bytes failed: Only part of a ReadProcessMemory or WriteProcessMemory request was completed. (0x12B)
[1104/201442.712:ERROR:process_memory_win.cc(73)] ReadMemory at 0xfb8222c of 512 bytes failed: Only part of a ReadProcessMemory or WriteProcessMemory request was completed. (0x12B)
[1104/201442.712:ERROR:process_memory_win.cc(73)] ReadMemory at 0x7785ae40 of 512 bytes failed: Only part of a ReadProcessMemory or WriteProcessMemory request was completed. (0x12B)
[1104/201442.712:ERROR:process_memory_win.cc(73)] ReadMemory at 0x7785fb40 of 512 bytes failed: Only part of a ReadProcessMemory or WriteProcessMemory request was completed. (0x12B)
[1104/201442.712:ERROR:process_memory_win.cc(73)] ReadMemory at 0x778912da of 592 bytes failed: Only part of a ReadProcessMemory or WriteProcessMemory request was completed. (0x12B)
[1104/201442.712:ERROR:process_memory_win.cc(73)] ReadMemory at 0x7789184a of 512 bytes failed: Only part of a ReadProcessMemory or WriteProcessMemory request was completed. (0x12B)
[1104/201442.712:ERROR:process_memory_win.cc(73)] ReadMemory at 0x77892b8a of 528 bytes failed: Only part of a ReadProcessMemory or WriteProcessMemory request was completed. (0x12B)
[1104/201442.712:ERROR:process_memory_win.cc(73)] ReadMemory at 0x77944460 of 816 bytes failed: Only part of a ReadProcessMemory or WriteProcessMemory request was completed. (0x12B)
[1104/201442.712:ERROR:process_memory_win.cc(73)] ReadMemory at 0x779553f8 of 18 bytes failed: Only part of a ReadProcessMemory or WriteProcessMemory request was completed. (0x12B)
[1104/201442.712:ERROR:process_memory_win.cc(73)] ReadMemory at 0x77972640 of 64 bytes failed: Only part of a ReadProcessMemory or WriteProcessMemory request was completed. (0x12B)
[1104/201442.712:ERROR:process_memory_win.cc(73)] ReadMemory at 0x77977100 of 48 bytes failed: Only part of a ReadProcessMemory or WriteProcessMemory request was completed. (0x12B)
[1104/201442.712:ERROR:process_memory_win.cc(73)] ReadMemory at 0x77977490 of 40 bytes failed: Only part of a ReadProcessMemory or WriteProcessMemory request was completed. (0x12B)
[1104/201442.712:ERROR:process_memory_win.cc(73)] ReadMemory at 0x7fedab128e6 of 512 bytes failed: Only part of a ReadProcessMemory or WriteProcessMemory request was completed. (0x12B)
[1104/201442.712:ERROR:process_memory_win.cc(73)] ReadMemory at 0x7fedc59c3cc of 512 bytes failed: Only part of a ReadProcessMemory or WriteProcessMemory request was completed. (0x12B)
[1104/201442.712:ERROR:process_memory_win.cc(73)] ReadMemory at 0x7fedf093a28 of 512 bytes failed: Only part of a ReadProcessMemory or WriteProcessMemory request was completed. (0x12B)
[1104/201442.712:ERROR:process_memory_win.cc(73)] ReadMemory at 0x7fedf318455 of 512 bytes failed: Only part of a ReadProcessMemory or WriteProcessMemory request was completed. (0x12B)
[1104/201442.712:ERROR:process_memory_win.cc(73)] ReadMemory at 0x7fedf3c4824 of 512 bytes failed: Only part of a ReadProcessMemory or WriteProcessMemory request was completed. (0x12B)
[1104/201442.712:ERROR:process_memory_win.cc(73)] ReadMemory at 0x7feea1c7f35 of 512 bytes failed: Only part of a ReadProcessMemory or WriteProcessMemory request was completed. (0x12B)
[1104/201442.879:ERROR:process_memory_win.cc(73)] ReadMemory at 0x7feea1c872e of 512 bytes failed: Only part of a ReadProcessMemory or WriteProcessMemory request was completed. (0x12B)
[1104/201442.879:ERROR:process_memory_win.cc(73)] ReadMemory at 0x7feeb435820 of 512 bytes failed: Only part of a ReadProcessMemory or WriteProcessMemory request was completed. (0x12B)
[1104/201442.879:ERROR:process_memory_win.cc(73)] ReadMemory at 0x7fffff9e000 of 6024 bytes failed: Only part of a ReadProcessMemory or WriteProcessMemory request was completed. (0x12B)
[1104/201442.879:ERROR:process_memory_win.cc(73)] ReadMemory at 0x7fffffa0000 of 6024 bytes failed: Only part of a ReadProcessMemory or WriteProcessMemory request was completed. (0x12B)
[1104/201442.879:ERROR:process_memory_win.cc(73)] ReadMemory at 0x7fffffa2000 of 6024 bytes failed: Only part of a ReadProcessMemory or WriteProcessMemory request was completed. (0x12B)
[1104/201442.880:ERROR:process_memory_win.cc(73)] ReadMemory at 0x7fffffa4000 of 6024 bytes failed: Only part of a ReadProcessMemory or WriteProcessMemory request was completed. (0x12B)
[1104/201442.880:ERROR:process_memory_win.cc(73)] ReadMemory at 0x7fffffa6000 of 6024 bytes failed: Only part of a ReadProcessMemory or WriteProcessMemory request was completed. (0x12B)
[1104/201442.880:ERROR:process_memory_win.cc(73)] ReadMemory at 0x7fffffa8000 of 6024 bytes failed: Only part of a ReadProcessMemory or WriteProcessMemory request was completed. (0x12B)
[1104/201442.880:ERROR:process_memory_win.cc(73)] ReadMemory at 0x7fffffaa000 of 6024 bytes failed: Only part of a ReadProcessMemory or WriteProcessMemory request was completed. (0x12B)
[1104/201442.880:ERROR:process_memory_win.cc(73)] ReadMemory at 0x7fffffac000 of 6024 bytes failed: Only part of a ReadProcessMemory or WriteProcessMemory request was completed. (0x12B)
[1104/201442.880:ERROR:process_memory_win.cc(73)] ReadMemory at 0x7fffffae000 of 6024 bytes failed: Only part of a ReadProcessMemory or WriteProcessMemory request was completed. (0x12B)
[1104/201442.880:ERROR:process_memory_win.cc(73)] ReadMemory at 0x7fffffd4000 of 6024 bytes failed: Only part of a ReadProcessMemory or WriteProcessMemory request was completed. (0x12B)
[1104/201442.880:ERROR:process_memory_win.cc(73)] ReadMemory at 0x7fffffd6000 of 6024 bytes failed: Only part of a ReadProcessMemory or WriteProcessMemory request was completed. (0x12B)
[1104/201442.880:ERROR:process_memory_win.cc(73)] ReadMemory at 0x7fffffd8000 of 852 bytes failed: Only part of a ReadProcessMemory or WriteProcessMemory request was completed. (0x12B)
[1104/201442.880:ERROR:process_memory_win.cc(73)] ReadMemory at 0x7fffffda000 of 6024 bytes failed: Only part of a ReadProcessMemory or WriteProcessMemory request was completed. (0x12B)
[1104/201442.880:ERROR:process_memory_win.cc(73)] ReadMemory at 0x7fffffdc000 of 6024 bytes failed: Only part of a ReadProcessMemory or WriteProcessMemory request was completed. (0x12B)
[1104/201442.880:ERROR:process_memory_win.cc(73)] ReadMemory at 0x7fffffde000 of 6024 bytes failed: Only part of a ReadProcessMemory or WriteProcessMemory request was completed. (0x12B)
[1104/201443.018:ERROR:scoped_process_suspend.cc(40)] NtResumeProcess: An attempt was made to access an exiting process. (0xc000010a)
